[0m17:12:18.648722 [debug] [MainThread]: Sending event: {'category': 'dbt', 'action': 'invocation', 'label': 'start', 'context': [<snowplow_tracker.self_describing_json.SelfDescribingJson object at 0x7f4b8a702620>, <snowplow_tracker.self_describing_json.SelfDescribingJson object at 0x7f4b893e20e0>, <snowplow_tracker.self_describing_json.SelfDescribingJson object at 0x7f4b893e3310>]}


============================== 17:12:18.652701 | 0c115fcb-0170-433f-8894-175e2f9d43cb ==============================
[0m17:12:18.652701 [info ] [MainThread]: Running with dbt=1.8.1
[0m17:12:18.653188 [debug] [MainThread]: running dbt with arguments {'printer_width': '80', 'indirect_selection': 'eager', 'log_cache_events': 'False', 'write_json': 'True', 'partial_parse': 'True', 'cache_selected_only': 'False', 'profiles_dir': '/home/soca/.dbt', 'debug': 'False', 'fail_fast': 'False', 'log_path': 'logs', 'warn_error': 'None', 'version_check': 'True', 'use_colors': 'True', 'use_experimental_parser': 'False', 'no_print': 'None', 'quiet': 'False', 'warn_error_options': 'WarnErrorOptions(include=[], exclude=[])', 'introspect': 'True', 'log_format': 'default', 'invocation_command': 'dbt init jaffle_shop', 'target_path': 'None', 'static_parser': 'True', 'send_anonymous_usage_stats': 'True'}
[0m17:12:18.657923 [warn ] [MainThread]: [ConfigFolderDirectory]: Unable to parse dict {'dir': PosixPath('/home/soca/.dbt')}
[0m17:12:18.658314 [info ] [MainThread]: Creating dbt configuration folder at 
[0m17:12:18.659284 [debug] [MainThread]: Starter project path: /home/soca/streem/dbt-tutorial/dbt-env/lib/python3.10/site-packages/dbt/include/starter_project
[0m17:12:18.660914 [info ] [MainThread]: 
Your new dbt project "jaffle_shop" was created!

For more information on how to configure the profiles.yml file,
please consult the dbt documentation here:

  https://docs.getdbt.com/docs/configure-your-profile

One more thing:

Need help? Don't hesitate to reach out to us via GitHub issues or on Slack:

  https://community.getdbt.com/

Happy modeling!

[0m17:12:18.661362 [info ] [MainThread]: Setting up your profile.
[0m17:12:18.661949 [error] [MainThread]: Encountered an error:
Runtime Error
  No adapters available. Learn how to install an adapter by going to https://docs.getdbt.com/docs/connect-adapters#install-using-the-cli
[0m17:12:18.662917 [debug] [MainThread]: Resource report: {"command_name": "init", "command_wall_clock_time": 0.05601559, "process_user_time": 0.964773, "process_kernel_time": 0.056513, "process_mem_max_rss": "86548", "process_in_blocks": "2144", "process_out_blocks": "64", "command_success": false}
[0m17:12:18.663417 [debug] [MainThread]: Command `dbt init` failed at 17:12:18.663339 after 0.06 seconds
[0m17:12:18.663777 [debug] [MainThread]: Sending event: {'category': 'dbt', 'action': 'invocation', 'label': 'end', 'context': [<snowplow_tracker.self_describing_json.SelfDescribingJson object at 0x7f4b8a702620>, <snowplow_tracker.self_describing_json.SelfDescribingJson object at 0x7f4b88dea170>, <snowplow_tracker.self_describing_json.SelfDescribingJson object at 0x7f4b88de00a0>]}
[0m17:12:18.664143 [debug] [MainThread]: Flushing usage events
[0m17:27:12.697118 [debug] [MainThread]: Sending event: {'category': 'dbt', 'action': 'invocation', 'label': 'start', 'context': [<snowplow_tracker.self_describing_json.SelfDescribingJson object at 0x7f6113622650>, <snowplow_tracker.self_describing_json.SelfDescribingJson object at 0x7f6111e9bb80>, <snowplow_tracker.self_describing_json.SelfDescribingJson object at 0x7f6111e9aa40>]}


============================== 17:27:12.701111 | 528bafc9-721b-4a58-996d-2802873f507f ==============================
[0m17:27:12.701111 [info ] [MainThread]: Running with dbt=1.8.1
[0m17:27:12.701668 [debug] [MainThread]: running dbt with arguments {'printer_width': '80', 'indirect_selection': 'eager', 'write_json': 'True', 'log_cache_events': 'False', 'partial_parse': 'True', 'cache_selected_only': 'False', 'warn_error': 'None', 'version_check': 'True', 'profiles_dir': '/home/soca/.dbt', 'log_path': 'logs', 'debug': 'False', 'fail_fast': 'False', 'use_colors': 'True', 'use_experimental_parser': 'False', 'no_print': 'None', 'quiet': 'False', 'warn_error_options': 'WarnErrorOptions(include=[], exclude=[])', 'static_parser': 'True', 'introspect': 'True', 'log_format': 'default', 'target_path': 'None', 'invocation_command': 'dbt debug', 'send_anonymous_usage_stats': 'True'}
[0m17:27:12.706664 [info ] [MainThread]: dbt version: 1.8.1
[0m17:27:12.707021 [info ] [MainThread]: python version: 3.10.12
[0m17:27:12.707353 [info ] [MainThread]: python path: /home/soca/streem/dbt-tutorial/dbt-env/bin/python
[0m17:27:12.707666 [info ] [MainThread]: os info: Linux-5.19.0-41-generic-x86_64-with-glibc2.35
[0m17:27:12.707969 [info ] [MainThread]: Using profiles dir at /home/soca/.dbt
[0m17:27:12.708270 [info ] [MainThread]: Using profiles.yml file at /home/soca/.dbt/profiles.yml
[0m17:27:12.708561 [info ] [MainThread]: Using dbt_project.yml file at /home/soca/streem/dbt-tutorial/dbt_project.yml
[0m17:27:12.708860 [info ] [MainThread]: Configuration:
[0m17:27:12.709149 [info ] [MainThread]:   profiles.yml file [[31mERROR not found[0m]
[0m17:27:12.709475 [info ] [MainThread]:   dbt_project.yml file [[31mERROR not found[0m]
[0m17:27:12.709776 [info ] [MainThread]: Required dependencies:
[0m17:27:12.710082 [debug] [MainThread]: Executing "git --help"
[0m17:27:12.711427 [debug] [MainThread]: STDOUT: "b"usage: git [--version] [--help] [-C <path>] [-c <name>=<value>]\n           [--exec-path[=<path>]] [--html-path] [--man-path] [--info-path]\n           [-p | --paginate | -P | --no-pager] [--no-replace-objects] [--bare]\n           [--git-dir=<path>] [--work-tree=<path>] [--namespace=<name>]\n           [--super-prefix=<path>] [--config-env=<name>=<envvar>]\n           <command> [<args>]\n\nThese are common Git commands used in various situations:\n\nstart a working area (see also: git help tutorial)\n   clone     Clone a repository into a new directory\n   init      Create an empty Git repository or reinitialize an existing one\n\nwork on the current change (see also: git help everyday)\n   add       Add file contents to the index\n   mv        Move or rename a file, a directory, or a symlink\n   restore   Restore working tree files\n   rm        Remove files from the working tree and from the index\n\nexamine the history and state (see also: git help revisions)\n   bisect    Use binary search to find the commit that introduced a bug\n   diff      Show changes between commits, commit and working tree, etc\n   grep      Print lines matching a pattern\n   log       Show commit logs\n   show      Show various types of objects\n   status    Show the working tree status\n\ngrow, mark and tweak your common history\n   branch    List, create, or delete branches\n   commit    Record changes to the repository\n   merge     Join two or more development histories together\n   rebase    Reapply commits on top of another base tip\n   reset     Reset current HEAD to the specified state\n   switch    Switch branches\n   tag       Create, list, delete or verify a tag object signed with GPG\n\ncollaborate (see also: git help workflows)\n   fetch     Download objects and refs from another repository\n   pull      Fetch from and integrate with another repository or a local branch\n   push      Update remote refs along with associated objects\n\n'git help -a' and 'git help -g' list available subcommands and some\nconcept guides. See 'git help <command>' or 'git help <concept>'\nto read about a specific subcommand or concept.\nSee 'git help git' for an overview of the system.\n""
[0m17:27:12.711850 [debug] [MainThread]: STDERR: "b''"
[0m17:27:12.712172 [info ] [MainThread]:  - git [[32mOK found[0m]

[0m17:27:12.712562 [info ] [MainThread]: Connection test skipped since no profile was found
[0m17:27:12.712958 [info ] [MainThread]: [31m2 checks failed:[0m
[0m17:27:12.713322 [info ] [MainThread]: dbt looked for a profiles.yml file in /home/soca/.dbt/profiles.yml, but did
not find one. For more information on configuring your profile, consult the
documentation:

https://docs.getdbt.com/docs/configure-your-profile


[0m17:27:12.713715 [info ] [MainThread]: Project loading failed for the following reason:
 project path </home/soca/streem/dbt-tutorial/dbt_project.yml> not found

[0m17:27:12.714349 [debug] [MainThread]: Resource report: {"command_name": "debug", "command_wall_clock_time": 0.057750586, "process_user_time": 0.960695, "process_kernel_time": 0.039862, "process_mem_max_rss": "86740", "process_out_blocks": "24", "command_success": false, "process_in_blocks": "0"}
[0m17:27:12.714815 [debug] [MainThread]: Command `dbt debug` failed at 17:27:12.714742 after 0.06 seconds
[0m17:27:12.715147 [debug] [MainThread]: Sending event: {'category': 'dbt', 'action': 'invocation', 'label': 'end', 'context': [<snowplow_tracker.self_describing_json.SelfDescribingJson object at 0x7f6113622650>, <snowplow_tracker.self_describing_json.SelfDescribingJson object at 0x7f6111e9a320>, <snowplow_tracker.self_describing_json.SelfDescribingJson object at 0x7f6111d318d0>]}
[0m17:27:12.715514 [debug] [MainThread]: Flushing usage events
